{"numTotalTestSuites":636,"numPassedTestSuites":618,"numFailedTestSuites":18,"numPendingTestSuites":0,"numTotalTests":1363,"numPassedTests":1348,"numFailedTests":15,"numPendingTests":0,"numTodoTests":0,"snapshot":{"added":0,"failure":false,"filesAdded":0,"filesRemoved":0,"filesRemovedList":[],"filesUnmatched":0,"filesUpdated":0,"matched":0,"total":0,"unchecked":0,"uncheckedKeysByFile":[],"unmatched":0,"updated":0,"didUpdate":false},"startTime":1773762600006,"success":false,"testResults":[{"assertionResults":[{"ancestorTitles":["Responsive Layout Switching","Property 1: Responsive Layout Switching"],"fullName":"Responsive Layout Switching Property 1: Responsive Layout Switching should show Bottom Navigation when viewport width < 768px","status":"passed","title":"should show Bottom Navigation when viewport width < 768px","duration":16.14300000000003,"failureMessages":[],"meta":{}},{"ancestorTitles":["Responsive Layout Switching","Property 1: Responsive Layout Switching"],"fullName":"Responsive Layout Switching Property 1: Responsive Layout Switching should hide Bottom Navigation when viewport width >= 768px","status":"passed","title":"should hide Bottom Navigation when viewport width >= 768px","duration":6.736700000000383,"failureMessages":[],"meta":{}},{"ancestorTitles":["Responsive Layout Switching","Property 1: Responsive Layout Switching"],"fullName":"Responsive Layout Switching Property 1: Responsive Layout Switching should show desktop Sidebar when viewport width >= 768px","status":"passed","title":"should show desktop Sidebar when viewport width >= 768px","duration":2.976599999999962,"failureMessages":[],"meta":{}},{"ancestorTitles":["Responsive Layout Switching","Property 1: Responsive Layout Switching"],"fullName":"Responsive Layout Switching Property 1: Responsive Layout Switching should hide desktop Sidebar when viewport width < 768px","status":"passed","title":"should hide desktop Sidebar when viewport width < 768px","duration":3.6284000000005108,"failureMessages":[],"meta":{}},{"ancestorTitles":["Responsive Layout Switching","Property 1: Responsive Layout Switching"],"fullName":"Responsive Layout Switching Property 1: Responsive Layout Switching should have mutually exclusive Bottom Navigation and desktop Sidebar visibility","status":"passed","title":"should have mutually exclusive Bottom Navigation and desktop Sidebar visibility","duration":3.3168000000005122,"failureMessages":[],"meta":{}},{"ancestorTitles":["Responsive Layout Switching","Property 1: Responsive Layout Switching"],"fullName":"Responsive Layout Switching Property 1: Responsive Layout Switching should correctly handle boundary at exactly 768px","status":"passed","title":"should correctly handle boundary at exactly 768px","duration":0.3918999999996231,"failureMessages":[],"meta":{}},{"ancestorTitles":["Responsive Layout Switching","Property 1: Responsive Layout Switching"],"fullName":"Responsive Layout Switching Property 1: Responsive Layout Switching should support custom breakpoints","status":"passed","title":"should support custom breakpoints","duration":8.126400000000103,"failureMessages":[],"meta":{}},{"ancestorTitles":["Responsive Layout Switching","Property 1: Responsive Layout Switching"],"fullName":"Responsive Layout Switching Property 1: Responsive Layout Switching should be consistent across multiple calls with same width","status":"passed","title":"should be consistent across multiple calls with same width","duration":12.69340000000011,"failureMessages":[],"meta":{}}],"startTime":1773762646179,"endTime":1773762646232.6934,"status":"passed","message":"","name":"C:/vscode/OwlPlayer/frontend/src/hooks/useIsMobile.prop.test.ts"},{"assertionResults":[{"ancestorTitles":["Property 12: Translation preference persistence"],"fullName":"Property 12: Translation preference persistence should round-trip serialize and deserialize settings correctly","status":"passed","title":"should round-trip serialize and deserialize settings correctly","duration":20.585900000000038,"failureMessages":[],"meta":{}},{"ancestorTitles":["Property 12: Translation preference persistence"],"fullName":"Property 12: Translation preference persistence should preserve translation preference after serialization","status":"passed","title":"should preserve translation preference after serialization","duration":4.471300000000156,"failureMessages":[],"meta":{}},{"ancestorTitles":["Property 12: Translation preference persistence"],"fullName":"Property 12: Translation preference persistence should return default settings when deserializing null","status":"passed","title":"should return default settings when deserializing null","duration":1.1718000000000757,"failureMessages":[],"meta":{}},{"ancestorTitles":["Property 12: Translation preference persistence"],"fullName":"Property 12: Translation preference persistence should return default settings when deserializing invalid JSON","status":"passed","title":"should return default settings when deserializing invalid JSON","duration":13.540799999999763,"failureMessages":[],"meta":{}},{"ancestorTitles":["Property 12: Translation preference persistence"],"fullName":"Property 12: Translation preference persistence should merge partial settings with defaults","status":"passed","title":"should merge partial settings with defaults","duration":9.32129999999961,"failureMessages":[],"meta":{}},{"ancestorTitles":["Property 12: Translation preference persistence"],"fullName":"Property 12: Translation preference persistence should produce valid JSON when serializing","status":"passed","title":"should produce valid JSON when serializing","duration":34.28030000000035,"failureMessages":[],"meta":{}},{"ancestorTitles":["Property 12: Translation preference persistence"],"fullName":"Property 12: Translation preference persistence should handle all chineseVariant values correctly","status":"passed","title":"should handle all chineseVariant values correctly","duration":0.4962999999997919,"failureMessages":[],"meta":{}},{"ancestorTitles":["Property 12: Translation preference persistence"],"fullName":"Property 12: Translation preference persistence should be idempotent - multiple serializations produce same result","status":"passed","title":"should be idempotent - multiple serializations produce same result","duration":4.215500000000247,"failureMessages":[],"meta":{}},{"ancestorTitles":["Property 12: Translation preference persistence"],"fullName":"Property 12: Translation preference persistence should preserve all boolean combinations","status":"passed","title":"should preserve all boolean combinations","duration":9.03440000000046,"failureMessages":[],"meta":{}}],"startTime":1773762634257,"endTime":1773762634354.0344,"status":"passed","message":"","name":"C:/vscode/OwlPlayer/frontend/src/hooks/useLyricsSettings.prop.test.ts"},{"assertionResults":[],"startTime":1773762600006,"endTime":1773762600006,"status":"failed","message":"[vitest] There was an error when mocking a module. If you are using \"vi.mock\" factory, make sure there are no top level variables inside, since this call is hoisted to top of the file. Read more: https://vitest.dev/api/vi.html#vi-mock","name":"C:/vscode/OwlPlayer/frontend/src/hooks/useMediaSession.test.ts"},{"assertionResults":[{"ancestorTitles":["Mobile State Persistence Property Tests","Property 16: State Persistence Round Trip"],"fullName":"Mobile State Persistence Property Tests Property 16: State Persistence Round Trip should restore equivalent navigation state after save and load","status":"passed","title":"should restore equivalent navigation state after save and load","duration":25.47950000000037,"failureMessages":[],"meta":{}},{"ancestorTitles":["Mobile State Persistence Property Tests","Property 16: State Persistence Round Trip"],"fullName":"Mobile State Persistence Property Tests Property 16: State Persistence Round Trip should serialize and deserialize mobile state correctly (round trip)","status":"passed","title":"should serialize and deserialize mobile state correctly (round trip)","duration":31.5653999999995,"failureMessages":[],"meta":{}},{"ancestorTitles":["Mobile State Persistence Property Tests","Property 16: State Persistence Round Trip"],"fullName":"Mobile State Persistence Property Tests Property 16: State Persistence Round Trip should preserve pathname exactly through save/load cycle","status":"passed","title":"should preserve pathname exactly through save/load cycle","duration":9.412300000000869,"failureMessages":[],"meta":{}},{"ancestorTitles":["Mobile State Persistence Property Tests","Property 16: State Persistence Round Trip"],"fullName":"Mobile State Persistence Property Tests Property 16: State Persistence Round Trip should handle multiple save/load cycles correctly","status":"passed","title":"should handle multiple save/load cycles correctly","duration":5.268500000000131,"failureMessages":[],"meta":{}},{"ancestorTitles":["Mobile State Persistence Property Tests","Property 16: State Persistence Round Trip"],"fullName":"Mobile State Persistence Property Tests Property 16: State Persistence Round Trip should return null after clearing state","status":"passed","title":"should return null after clearing state","duration":11.050400000000081,"failureMessages":[],"meta":{}},{"ancestorTitles":["Mobile State Persistence Property Tests","Property 16: State Persistence Round Trip"],"fullName":"Mobile State Persistence Property Tests Property 16: State Persistence Round Trip should handle special characters in pathnames","status":"passed","title":"should handle special characters in pathnames","duration":7.122599999999693,"failureMessages":[],"meta":{}},{"ancestorTitles":["Mobile State Persistence Property Tests","Edge Cases"],"fullName":"Mobile State Persistence Property Tests Edge Cases should return null when no state is saved","status":"passed","title":"should return null when no state is saved","duration":0.27440000000024156,"failureMessages":[],"meta":{}},{"ancestorTitles":["Mobile State Persistence Property Tests","Edge Cases"],"fullName":"Mobile State Persistence Property Tests Edge Cases should handle corrupted localStorage data gracefully","status":"passed","title":"should handle corrupted localStorage data gracefully","duration":0.2779000000000451,"failureMessages":[],"meta":{}},{"ancestorTitles":["Mobile State Persistence Property Tests","Edge Cases"],"fullName":"Mobile State Persistence Property Tests Edge Cases should handle missing version field gracefully","status":"passed","title":"should handle missing version field gracefully","duration":0.7622000000001208,"failureMessages":[],"meta":{}}],"startTime":1773762639437,"endTime":1773762639529.7622,"status":"passed","message":"","name":"C:/vscode/OwlPlayer/frontend/src/hooks/useMobileStatePersistence.prop.test.ts"},{"assertionResults":[{"ancestorTitles":["Reduced Motion Preference","Property 10: Reduced motion preference"],"fullName":"Reduced Motion Preference Property 10: Reduced motion preference should disable animations when reduced motion is preferred","status":"passed","title":"should disable animations when reduced motion is preferred","duration":16.47699999999986,"failureMessages":[],"meta":{}},{"ancestorTitles":["Reduced Motion Preference","Property 10: Reduced motion preference"],"fullName":"Reduced Motion Preference Property 10: Reduced motion preference should enable animations when reduced motion is not preferred","status":"passed","title":"should enable animations when reduced motion is not preferred","duration":8.303299999999581,"failureMessages":[],"meta":{}},{"ancestorTitles":["Reduced Motion Preference","Property 10: Reduced motion preference"],"fullName":"Reduced Motion Preference Property 10: Reduced motion preference should use instant scroll when reduced motion is preferred","status":"passed","title":"should use instant scroll when reduced motion is preferred","duration":5.827800000000025,"failureMessages":[],"meta":{}},{"ancestorTitles":["Reduced Motion Preference","Property 10: Reduced motion preference"],"fullName":"Reduced Motion Preference Property 10: Reduced motion preference should use smooth scroll when reduced motion is not preferred","status":"passed","title":"should use smooth scroll when reduced motion is not preferred","duration":5.652999999999338,"failureMessages":[],"meta":{}},{"ancestorTitles":["Reduced Motion Preference","Property 10: Reduced motion preference"],"fullName":"Reduced Motion Preference Property 10: Reduced motion preference should disable karaoke fill animation when reduced motion is preferred","status":"passed","title":"should disable karaoke fill animation when reduced motion is preferred","duration":5.516200000000026,"failureMessages":[],"meta":{}},{"ancestorTitles":["Reduced Motion Preference","Property 10: Reduced motion preference"],"fullName":"Reduced Motion Preference Property 10: Reduced motion preference should enable karaoke fill animation when reduced motion is not preferred","status":"passed","title":"should enable karaoke fill animation when reduced motion is not preferred","duration":9.118399999999383,"failureMessages":[],"meta":{}},{"ancestorTitles":["Reduced Motion Preference","Property 10: Reduced motion preference"],"fullName":"Reduced Motion Preference Property 10: Reduced motion preference should have consistent behavior for same preference value","status":"passed","title":"should have consistent behavior for same preference value","duration":15.661299999999756,"failureMessages":[],"meta":{}},{"ancestorTitles":["Reduced Motion Preference","Property 10: Reduced motion preference"],"fullName":"Reduced Motion Preference Property 10: Reduced motion preference should have opposite animation behavior for opposite preference values","status":"passed","title":"should have opposite animation behavior for opposite preference values","duration":3.31919999999991,"failureMessages":[],"meta":{}}],"startTime":1773762643248,"endTime":1773762643318.319,"status":"passed","message":"","name":"C:/vscode/OwlPlayer/frontend/src/hooks/useReducedMotion.prop.test.ts"},{"assertionResults":[{"ancestorTitles":["Property 4: Manual Scroll Pause Mechanism"],"fullName":"Property 4: Manual Scroll Pause Mechanism isPaused starts as false","status":"passed","title":"isPaused starts as false","duration":29.903699999999844,"failureMessages":[],"meta":{}},{"ancestorTitles":["Property 4: Manual Scroll Pause Mechanism"],"fullName":"Property 4: Manual Scroll Pause Mechanism manual wheel scroll triggers pause","status":"passed","title":"manual wheel scroll triggers pause","duration":7.0090000000000146,"failureMessages":[],"meta":{}},{"ancestorTitles":["Property 4: Manual Scroll Pause Mechanism"],"fullName":"Property 4: Manual Scroll Pause Mechanism pause resumes after pauseDuration","status":"failed","title":"pause resumes after pauseDuration","duration":16.273400000000038,"failureMessages":["AssertionError: expected true to be false // Object.is equality\n    at C:/vscode/OwlPlayer/frontend/src/hooks/useScrollAnimation.prop.test.ts:149:39\n    at file:///C:/vscode/OwlPlayer/frontend/node_modules/@vitest/runner/dist/index.js:145:11\n    at file:///C:/vscode/OwlPlayer/frontend/node_modules/@vitest/runner/dist/index.js:919:26\n    at file:///C:/vscode/OwlPlayer/frontend/node_modules/@vitest/runner/dist/index.js:1244:20\n    at new Promise (<anonymous>)\n    at runWithTimeout (file:///C:/vscode/OwlPlayer/frontend/node_modules/@vitest/runner/dist/index.js:1210:10)\n    at file:///C:/vscode/OwlPlayer/frontend/node_modules/@vitest/runner/dist/index.js:1654:37\n    at Traces.$ (file:///C:/vscode/OwlPlayer/frontend/node_modules/vitest/dist/chunks/traces.U4xDYhzZ.js:115:27)\n    at trace (file:///C:/vscode/OwlPlayer/frontend/node_modules/vitest/dist/chunks/test.DqQZzsWf.js:234:21)\n    at runTest (file:///C:/vscode/OwlPlayer/frontend/node_modules/@vitest/runner/dist/index.js:1654:12)"],"meta":{}},{"ancestorTitles":["Property 4: Manual Scroll Pause Mechanism"],"fullName":"Property 4: Manual Scroll Pause Mechanism pause duration is configurable","status":"failed","title":"pause duration is configurable","duration":16.83690000000024,"failureMessages":["Error: Property failed after 1 tests\n{ seed: 1333803440, path: \"0:0\", endOnFailure: true }\nCounterexample: [1000]\nShrunk 1 time(s)\n\nHint: Enable verbose mode in order to have the list of all failing values encountered during the run\n    at buildError (file:///C:/vscode/OwlPlayer/frontend/node_modules/fast-check/lib/check/runner/utils/RunDetailsFormatter.js:156:19)\n    at throwIfFailed (file:///C:/vscode/OwlPlayer/frontend/node_modules/fast-check/lib/check/runner/utils/RunDetailsFormatter.js:165:11)\n    at reportRunDetails (file:///C:/vscode/OwlPlayer/frontend/node_modules/fast-check/lib/check/runner/utils/RunDetailsFormatter.js:178:16)\n    at Module.assert (file:///C:/vscode/OwlPlayer/frontend/node_modules/fast-check/lib/check/runner/Runner.js:61:9)\n    at C:/vscode/OwlPlayer/frontend/src/hooks/useScrollAnimation.prop.test.ts:154:8\n    at file:///C:/vscode/OwlPlayer/frontend/node_modules/@vitest/runner/dist/index.js:145:11\n    at file:///C:/vscode/OwlPlayer/frontend/node_modules/@vitest/runner/dist/index.js:919:26\n    at file:///C:/vscode/OwlPlayer/frontend/node_modules/@vitest/runner/dist/index.js:1244:20\n    at new Promise (<anonymous>)\n    at runWithTimeout (file:///C:/vscode/OwlPlayer/frontend/node_modules/@vitest/runner/dist/index.js:1210:10)"],"meta":{}},{"ancestorTitles":["Property 4: Manual Scroll Pause Mechanism"],"fullName":"Property 4: Manual Scroll Pause Mechanism scrollToLine is callable for any valid line index","status":"failed","title":"scrollToLine is callable for any valid line index","duration":31.22189999999955,"failureMessages":["Error: Property failed after 7 tests\n{ seed: -845542922, path: \"6:0\", endOnFailure: true }\nCounterexample: [5,4]\nShrunk 1 time(s)\n\nHint: Enable verbose mode in order to have the list of all failing values encountered during the run\n    at buildError (file:///C:/vscode/OwlPlayer/frontend/node_modules/fast-check/lib/check/runner/utils/RunDetailsFormatter.js:156:19)\n    at throwIfFailed (file:///C:/vscode/OwlPlayer/frontend/node_modules/fast-check/lib/check/runner/utils/RunDetailsFormatter.js:165:11)\n    at reportRunDetails (file:///C:/vscode/OwlPlayer/frontend/node_modules/fast-check/lib/check/runner/utils/RunDetailsFormatter.js:178:16)\n    at Module.assert (file:///C:/vscode/OwlPlayer/frontend/node_modules/fast-check/lib/check/runner/Runner.js:61:9)\n    at C:/vscode/OwlPlayer/frontend/src/hooks/useScrollAnimation.prop.test.ts:209:8\n    at file:///C:/vscode/OwlPlayer/frontend/node_modules/@vitest/runner/dist/index.js:145:11\n    at file:///C:/vscode/OwlPlayer/frontend/node_modules/@vitest/runner/dist/index.js:919:26\n    at file:///C:/vscode/OwlPlayer/frontend/node_modules/@vitest/runner/dist/index.js:1244:20\n    at new Promise (<anonymous>)\n    at runWithTimeout (file:///C:/vscode/OwlPlayer/frontend/node_modules/@vitest/runner/dist/index.js:1210:10)"],"meta":{}},{"ancestorTitles":["Property 4: Manual Scroll Pause Mechanism"],"fullName":"Property 4: Manual Scroll Pause Mechanism scrollToLine with immediate=true does not animate","status":"passed","title":"scrollToLine with immediate=true does not animate","duration":2.358700000000681,"failureMessages":[],"meta":{}},{"ancestorTitles":["Property 4: Manual Scroll Pause Mechanism"],"fullName":"Property 4: Manual Scroll Pause Mechanism disabled hook does not scroll","status":"passed","title":"disabled hook does not scroll","duration":2.4203000000006796,"failureMessages":[],"meta":{}},{"ancestorTitles":["Property 4: Manual Scroll Pause Mechanism"],"fullName":"Property 4: Manual Scroll Pause Mechanism resumeAutoScroll clears pause state","status":"passed","title":"resumeAutoScroll clears pause state","duration":2.6296000000002095,"failureMessages":[],"meta":{}}],"startTime":1773762605440,"endTime":1773762605548.6296,"status":"failed","message":"","name":"C:/vscode/OwlPlayer/frontend/src/hooks/useScrollAnimation.prop.test.ts"},{"assertionResults":[{"ancestorTitles":["useSuggestions","initial state"],"fullName":"useSuggestions initial state should return null suggestions initially","status":"passed","title":"should return null suggestions initially","duration":27.146700000000237,"failureMessages":[],"meta":{}},{"ancestorTitles":["useSuggestions","debounce behavior"],"fullName":"useSuggestions debounce behavior should debounce API calls by default 300ms","status":"passed","title":"should debounce API calls by default 300ms","duration":17.98720000000003,"failureMessages":[],"meta":{}},{"ancestorTitles":["useSuggestions","debounce behavior"],"fullName":"useSuggestions debounce behavior should use custom debounce delay","status":"passed","title":"should use custom debounce delay","duration":8.008899999999812,"failureMessages":[],"meta":{}},{"ancestorTitles":["useSuggestions","debounce behavior"],"fullName":"useSuggestions debounce behavior should cancel previous debounce when new term is entered","status":"passed","title":"should cancel previous debounce when new term is entered","duration":5.951300000000174,"failureMessages":[],"meta":{}},{"ancestorTitles":["useSuggestions","state management"],"fullName":"useSuggestions state management should update suggestions on successful fetch","status":"passed","title":"should update suggestions on successful fetch","duration":75.69609999999966,"failureMessages":[],"meta":{}},{"ancestorTitles":["useSuggestions","state management"],"fullName":"useSuggestions state management should clear suggestions for empty term","status":"passed","title":"should clear suggestions for empty term","duration":79.72969999999987,"failureMessages":[],"meta":{}},{"ancestorTitles":["useSuggestions","state management"],"fullName":"useSuggestions state management should clear suggestions for whitespace-only term","status":"passed","title":"should clear suggestions for whitespace-only term","duration":3.0322000000005573,"failureMessages":[],"meta":{}},{"ancestorTitles":["useSuggestions","state management"],"fullName":"useSuggestions state management should clear suggestions when clearSuggestions is called","status":"passed","title":"should clear suggestions when clearSuggestions is called","duration":73.91960000000017,"failureMessages":[],"meta":{}},{"ancestorTitles":["useSuggestions","error handling"],"fullName":"useSuggestions error handling should set error state on API failure","status":"passed","title":"should set error state on API failure","duration":78.0046999999995,"failureMessages":[],"meta":{}},{"ancestorTitles":["useSuggestions","error handling"],"fullName":"useSuggestions error handling should clear error when clearSuggestions is called","status":"passed","title":"should clear error when clearSuggestions is called","duration":88.93269999999939,"failureMessages":[],"meta":{}},{"ancestorTitles":["useSuggestions","error handling"],"fullName":"useSuggestions error handling should clear error when new fetch is initiated","status":"passed","title":"should clear error when new fetch is initiated","duration":81.58299999999963,"failureMessages":[],"meta":{}},{"ancestorTitles":["useSuggestions","cleanup"],"fullName":"useSuggestions cleanup should cancel debounce timer on clearSuggestions","status":"passed","title":"should cancel debounce timer on clearSuggestions","duration":2.7287999999998647,"failureMessages":[],"meta":{}}],"startTime":1773762615959,"endTime":1773762616502.7288,"status":"passed","message":"","name":"C:/vscode/OwlPlayer/frontend/src/hooks/useSuggestions.test.ts"},{"assertionResults":[{"ancestorTitles":["useTouchClick","isTapGesture"],"fullName":"useTouchClick isTapGesture should return true when movement is within threshold","status":"passed","title":"should return true when movement is within threshold","duration":1.458599999999933,"failureMessages":[],"meta":{}},{"ancestorTitles":["useTouchClick","isTapGesture"],"fullName":"useTouchClick isTapGesture should return false when movement exceeds threshold","status":"passed","title":"should return false when movement exceeds threshold","duration":0.3182000000001608,"failureMessages":[],"meta":{}},{"ancestorTitles":["useTouchClick","isTapGesture"],"fullName":"useTouchClick isTapGesture should work with different threshold values","status":"passed","title":"should work with different threshold values","duration":0.1550000000002001,"failureMessages":[],"meta":{}},{"ancestorTitles":["useTouchClick","isTapGesture"],"fullName":"useTouchClick isTapGesture should handle negative coordinates","status":"passed","title":"should handle negative coordinates","duration":0.27520000000004075,"failureMessages":[],"meta":{}},{"ancestorTitles":["useTouchClick","isTapGesture"],"fullName":"useTouchClick isTapGesture should handle zero threshold","status":"passed","title":"should handle zero threshold","duration":0.13740000000007058,"failureMessages":[],"meta":{}}],"startTime":1773762653887,"endTime":1773762653890.2751,"status":"passed","message":"","name":"C:/vscode/OwlPlayer/frontend/src/hooks/useTouchClick.test.ts"},{"assertionResults":[{"ancestorTitles":["AdminUsersPage Cache Settings","Property 10: Settings File Persistence Round Trip"],"fullName":"AdminUsersPage Cache Settings Property 10: Settings File Persistence Round Trip days to seconds conversion should be reversible","status":"passed","title":"days to seconds conversion should be reversible","duration":12.030300000000352,"failureMessages":[],"meta":{}},{"ancestorTitles":["AdminUsersPage Cache Settings","Property 10: Settings File Persistence Round Trip"],"fullName":"AdminUsersPage Cache Settings Property 10: Settings File Persistence Round Trip size unit conversion should be approximately reversible for GB values","status":"passed","title":"size unit conversion should be approximately reversible for GB values","duration":6.405700000000252,"failureMessages":[],"meta":{}},{"ancestorTitles":["AdminUsersPage Cache Settings","Property 10: Settings File Persistence Round Trip"],"fullName":"AdminUsersPage Cache Settings Property 10: Settings File Persistence Round Trip size unit conversion should be approximately reversible for MB values","status":"passed","title":"size unit conversion should be approximately reversible for MB values","duration":5.6878999999999,"failureMessages":[],"meta":{}},{"ancestorTitles":["AdminUsersPage Cache Settings","Property 10: Settings File Persistence Round Trip"],"fullName":"AdminUsersPage Cache Settings Property 10: Settings File Persistence Round Trip valid settings should pass validation","status":"passed","title":"valid settings should pass validation","duration":4.470099999999547,"failureMessages":[],"meta":{}},{"ancestorTitles":["AdminUsersPage Cache Settings","Property 10: Settings File Persistence Round Trip"],"fullName":"AdminUsersPage Cache Settings Property 10: Settings File Persistence Round Trip invalid settings should fail validation","status":"passed","title":"invalid settings should fail validation","duration":4.561999999999898,"failureMessages":[],"meta":{}},{"ancestorTitles":["AdminUsersPage Cache Settings","Property 10: Settings File Persistence Round Trip"],"fullName":"AdminUsersPage Cache Settings Property 10: Settings File Persistence Round Trip formatBytes should produce human-readable output for any positive byte value","status":"passed","title":"formatBytes should produce human-readable output for any positive byte value","duration":9.517399999999725,"failureMessages":[],"meta":{}},{"ancestorTitles":["AdminUsersPage Cache Settings","Property 10: Settings File Persistence Round Trip"],"fullName":"AdminUsersPage Cache Settings Property 10: Settings File Persistence Round Trip formatBytes should use appropriate units based on size","status":"passed","title":"formatBytes should use appropriate units based on size","duration":0.6499999999996362,"failureMessages":[],"meta":{}},{"ancestorTitles":["AdminUsersPage Cache Settings","Property 10: Settings File Persistence Round Trip"],"fullName":"AdminUsersPage Cache Settings Property 10: Settings File Persistence Round Trip settings form values should round-trip through conversion functions","status":"passed","title":"settings form values should round-trip through conversion functions","duration":17.80070000000069,"failureMessages":[],"meta":{}}],"startTime":1773762644117,"endTime":1773762644178.8008,"status":"passed","message":"","name":"C:/vscode/OwlPlayer/frontend/src/components/AdminUsersPage.cache.prop.test.ts"},{"assertionResults":[{"ancestorTitles":["AdminUsersPage","Property 6: Delete confirmation dialog shows correct user info"],"fullName":"AdminUsersPage Property 6: Delete confirmation dialog shows correct user info confirmation message should contain the target user username and email","status":"passed","title":"confirmation message should contain the target user username and email","duration":38.837899999999536,"failureMessages":[],"meta":{}},{"ancestorTitles":["AdminUsersPage","Property 6: Delete confirmation dialog shows correct user info"],"fullName":"AdminUsersPage Property 6: Delete confirmation dialog shows correct user info confirmation message format should be consistent for all users","status":"passed","title":"confirmation message format should be consistent for all users","duration":14.99160000000029,"failureMessages":[],"meta":{}},{"ancestorTitles":["AdminUsersPage","Property 6: Delete confirmation dialog shows correct user info"],"fullName":"AdminUsersPage Property 6: Delete confirmation dialog shows correct user info different users should produce different confirmation messages","status":"passed","title":"different users should produce different confirmation messages","duration":15.596799999999348,"failureMessages":[],"meta":{}}],"startTime":1773762641280,"endTime":1773762641349.5967,"status":"passed","message":"","name":"C:/vscode/OwlPlayer/frontend/src/components/AdminUsersPage.prop.test.ts"},{"assertionResults":[{"ancestorTitles":["AlbumContextMenu Logic","Property 8: Album menu items completeness"],"fullName":"AlbumContextMenu Logic Property 8: Album menu items completeness album context menu should contain all required items","status":"passed","title":"album context menu should contain all required items","duration":15.393499999999221,"failureMessages":[],"meta":{}},{"ancestorTitles":["AlbumContextMenu Logic","Property 8: Album menu items completeness"],"fullName":"AlbumContextMenu Logic Property 8: Album menu items completeness should have exactly 3 menu items","status":"passed","title":"should have exactly 3 menu items","duration":0.3350000000000364,"failureMessages":[],"meta":{}},{"ancestorTitles":["AlbumContextMenu Logic","Property 8: Album menu items completeness"],"fullName":"AlbumContextMenu Logic Property 8: Album menu items completeness should include \"添加到音乐库\"","status":"passed","title":"should include \"添加到音乐库\"","duration":1.448500000000422,"failureMessages":[],"meta":{}},{"ancestorTitles":["AlbumContextMenu Logic","Property 8: Album menu items completeness"],"fullName":"AlbumContextMenu Logic Property 8: Album menu items completeness should include \"加入播放队列\"","status":"passed","title":"should include \"加入播放队列\"","duration":0.7181000000000495,"failureMessages":[],"meta":{}},{"ancestorTitles":["AlbumContextMenu Logic","Property 8: Album menu items completeness"],"fullName":"AlbumContextMenu Logic Property 8: Album menu items completeness should include \"加入歌单\"","status":"passed","title":"should include \"加入歌单\"","duration":0.4176000000006752,"failureMessages":[],"meta":{}},{"ancestorTitles":["AlbumContextMenu Logic","Property 8: Album menu items completeness"],"fullName":"AlbumContextMenu Logic Property 8: Album menu items completeness album menu should NOT include song-specific items","status":"passed","title":"album menu should NOT include song-specific items","duration":0.6262000000006083,"failureMessages":[],"meta":{}},{"ancestorTitles":["AlbumContextMenu Confirmation","Property 1: Dialog displays with correct item information (album)"],"fullName":"AlbumContextMenu Confirmation Property 1: Dialog displays with correct item information (album) confirmation message should contain album name","status":"passed","title":"confirmation message should contain album name","duration":18.733400000000074,"failureMessages":[],"meta":{}},{"ancestorTitles":["AlbumContextMenu Confirmation","Property 1: Dialog displays with correct item information (album)"],"fullName":"AlbumContextMenu Confirmation Property 1: Dialog displays with correct item information (album) confirmation message should have correct format","status":"passed","title":"confirmation message should have correct format","duration":10.073099999999613,"failureMessages":[],"meta":{}},{"ancestorTitles":["AlbumContextMenu Confirmation","Property 2: Confirm action executes removal for albums"],"fullName":"AlbumContextMenu Confirmation Property 2: Confirm action executes removal for albums confirming removal should remove album from library","status":"passed","title":"confirming removal should remove album from library","duration":25.90179999999964,"failureMessages":[],"meta":{}},{"ancestorTitles":["AlbumContextMenu Confirmation","Property 2: Confirm action executes removal for albums"],"fullName":"AlbumContextMenu Confirmation Property 2: Confirm action executes removal for albums canceling removal should keep album in library","status":"passed","title":"canceling removal should keep album in library","duration":11.55999999999949,"failureMessages":[],"meta":{}},{"ancestorTitles":["AlbumContextMenu Confirmation","Property 2: Confirm action executes removal for albums"],"fullName":"AlbumContextMenu Confirmation Property 2: Confirm action executes removal for albums removal should only affect the specified album","status":"passed","title":"removal should only affect the specified album","duration":24.98530000000028,"failureMessages":[],"meta":{}}],"startTime":1773762635671,"endTime":1773762635782.9854,"status":"passed","message":"","name":"C:/vscode/OwlPlayer/frontend/src/components/AlbumContextMenu.prop.test.ts"},{"assertionResults":[{"ancestorTitles":["AlbumContextMenu"],"fullName":"AlbumContextMenu Property 1: Menu label reflects saved state","status":"passed","title":"Property 1: Menu label reflects saved state","duration":1051.9211999999998,"failureMessages":[],"meta":{}}],"startTime":1773762611962,"endTime":1773762613013.9211,"status":"passed","message":"","name":"C:/vscode/OwlPlayer/frontend/src/components/AlbumContextMenu.test.tsx"},{"assertionResults":[{"ancestorTitles":["AlbumDetailPage Play Button Property Tests"],"fullName":"AlbumDetailPage Play Button Property Tests Property 4: isCurrentAlbumPlaying should return true only when all conditions match","status":"passed","title":"Property 4: isCurrentAlbumPlaying should return true only when all conditions match","duration":19.59730000000036,"failureMessages":[],"meta":{}},{"ancestorTitles":["AlbumDetailPage Play Button Property Tests"],"fullName":"AlbumDetailPage Play Button Property Tests Property 4a: when isPlaying is false, should always return false (show play icon)","status":"passed","title":"Property 4a: when isPlaying is false, should always return false (show play icon)","duration":9.965699999999742,"failureMessages":[],"meta":{}},{"ancestorTitles":["AlbumDetailPage Play Button Property Tests"],"fullName":"AlbumDetailPage Play Button Property Tests Property 4b: when queueSource.type is not album, should return false","status":"passed","title":"Property 4b: when queueSource.type is not album, should return false","duration":6.392800000000534,"failureMessages":[],"meta":{}},{"ancestorTitles":["AlbumDetailPage Play Button Property Tests"],"fullName":"AlbumDetailPage Play Button Property Tests Property 4c: when queueSource.id does not match albumId, should return false","status":"passed","title":"Property 4c: when queueSource.id does not match albumId, should return false","duration":9.721199999999953,"failureMessages":[],"meta":{}},{"ancestorTitles":["AlbumDetailPage Play Button Property Tests"],"fullName":"AlbumDetailPage Play Button Property Tests Property 4d: when isPlaying, type is album, and id matches, should return true (show pause icon)","status":"passed","title":"Property 4d: when isPlaying, type is album, and id matches, should return true (show pause icon)","duration":4.082999999999629,"failureMessages":[],"meta":{}}],"startTime":1773762646785,"endTime":1773762646835.083,"status":"passed","message":"","name":"C:/vscode/OwlPlayer/frontend/src/components/AlbumDetailPage.prop.test.tsx"},{"assertionResults":[{"ancestorTitles":["AlbumDetailPage Queue Source Correctness"],"fullName":"AlbumDetailPage Queue Source Correctness should set correct queue source for any album ID","status":"passed","title":"should set correct queue source for any album ID","duration":23.208800000000338,"failureMessages":[],"meta":{}},{"ancestorTitles":["AlbumDetailPage Queue Source Correctness"],"fullName":"AlbumDetailPage Queue Source Correctness should preserve album ID format in queue source","status":"passed","title":"should preserve album ID format in queue source","duration":16.536799999999857,"failureMessages":[],"meta":{}}],"startTime":1773762650662,"endTime":1773762650702.5369,"status":"passed","message":"","name":"C:/vscode/OwlPlayer/frontend/src/components/AlbumDetailPage.queueSource.prop.test.ts"},{"assertionResults":[{"ancestorTitles":["AlbumDetailPage Play Button Resume Property Tests"],"fullName":"AlbumDetailPage Play Button Resume Property Tests Property 1: when source matches and paused, should resume (not restart)","status":"passed","title":"Property 1: when source matches and paused, should resume (not restart)","duration":14.674799999999777,"failureMessages":[],"meta":{}},{"ancestorTitles":["AlbumDetailPage Play Button Resume Property Tests"],"fullName":"AlbumDetailPage Play Button Resume Property Tests Property 1a: when source matches and playing, should pause","status":"passed","title":"Property 1a: when source matches and playing, should pause","duration":6.227100000000064,"failureMessages":[],"meta":{}},{"ancestorTitles":["AlbumDetailPage Play Button Resume Property Tests"],"fullName":"AlbumDetailPage Play Button Resume Property Tests Property 1b: when source does not match, should restart","status":"passed","title":"Property 1b: when source does not match, should restart","duration":9.52430000000004,"failureMessages":[],"meta":{}},{"ancestorTitles":["AlbumDetailPage Play Button Resume Property Tests"],"fullName":"AlbumDetailPage Play Button Resume Property Tests Property 1c: when source type matches but ID differs, should restart","status":"passed","title":"Property 1c: when source type matches but ID differs, should restart","duration":7.43369999999959,"failureMessages":[],"meta":{}}],"startTime":1773762650168,"endTime":1773762650205.4336,"status":"passed","message":"","name":"C:/vscode/OwlPlayer/frontend/src/components/AlbumDetailPage.resume.prop.test.ts"},{"assertionResults":[{"ancestorTitles":["AlbumDetailPage Properties"],"fullName":"AlbumDetailPage Properties Property 4: Album detail has all required fields","status":"passed","title":"Property 4: Album detail has all required fields","duration":43.05360000000019,"failureMessages":[],"meta":{}},{"ancestorTitles":["AlbumDetailPage Properties"],"fullName":"AlbumDetailPage Properties Property 5: Track list completeness","status":"passed","title":"Property 5: Track list completeness","duration":6.6457000000000335,"failureMessages":[],"meta":{}},{"ancestorTitles":["AlbumDetailPage Properties"],"fullName":"AlbumDetailPage Properties Property 6: Track playback queue starts from clicked index","status":"passed","title":"Property 6: Track playback queue starts from clicked index","duration":9.90059999999994,"failureMessages":[],"meta":{}},{"ancestorTitles":["AlbumDetailPage Properties"],"fullName":"AlbumDetailPage Properties Property 7: Play all queues all tracks from start","status":"passed","title":"Property 7: Play all queues all tracks from start","duration":10.689800000000105,"failureMessages":[],"meta":{}}],"startTime":1773762641728,"endTime":1773762641798.6897,"status":"passed","message":"","name":"C:/vscode/OwlPlayer/frontend/src/components/AlbumDetailPage.test.ts"},{"assertionResults":[{"ancestorTitles":["ArtistContentPage Logic","Property 2: Page Header Display"],"fullName":"ArtistContentPage Logic Property 2: Page Header Display should include artist name in page header for any content type","status":"passed","title":"should include artist name in page header for any content type","duration":25.11909999999989,"failureMessages":[],"meta":{}},{"ancestorTitles":["ArtistContentPage Logic","Property 2: Page Header Display"],"fullName":"ArtistContentPage Logic Property 2: Page Header Display should include correct section title in page header","status":"passed","title":"should include correct section title in page header","duration":46.39289999999983,"failureMessages":[],"meta":{}},{"ancestorTitles":["ArtistContentPage Logic","Property 2: Page Header Display"],"fullName":"ArtistContentPage Logic Property 2: Page Header Display should return \"Top Songs\" title for songs content type","status":"passed","title":"should return \"Top Songs\" title for songs content type","duration":8.645800000000236,"failureMessages":[],"meta":{}},{"ancestorTitles":["ArtistContentPage Logic","Property 2: Page Header Display"],"fullName":"ArtistContentPage Logic Property 2: Page Header Display should return \"Albums\" title for albums content type","status":"passed","title":"should return \"Albums\" title for albums content type","duration":5.533599999999751,"failureMessages":[],"meta":{}},{"ancestorTitles":["ArtistContentPage Logic","Property 2: Page Header Display"],"fullName":"ArtistContentPage Logic Property 2: Page Header Display should return \"Singles & EPs\" title for singles content type","status":"passed","title":"should return \"Singles & EPs\" title for singles content type","duration":6.661800000000767,"failureMessages":[],"meta":{}},{"ancestorTitles":["ArtistContentPage Logic","Property 3: Content Rendering Completeness"],"fullName":"ArtistContentPage Logic Property 3: Content Rendering Completeness should return all top songs when content type is songs","status":"passed","title":"should return all top songs when content type is songs","duration":86.58500000000004,"failureMessages":[],"meta":{}},{"ancestorTitles":["ArtistContentPage Logic","Property 3: Content Rendering Completeness"],"fullName":"ArtistContentPage Logic Property 3: Content Rendering Completeness should return all albums when content type is albums","status":"passed","title":"should return all albums when content type is albums","duration":63.03009999999995,"failureMessages":[],"meta":{}},{"ancestorTitles":["ArtistContentPage Logic","Property 3: Content Rendering Completeness"],"fullName":"ArtistContentPage Logic Property 3: Content Rendering Completeness should return all singles/EPs when content type is singles","status":"passed","title":"should return all singles/EPs when content type is singles","duration":55.44350000000031,"failureMessages":[],"meta":{}},{"ancestorTitles":["ArtistContentPage Logic","Property 3: Content Rendering Completeness"],"fullName":"ArtistContentPage Logic Property 3: Content Rendering Completeness should preserve item order in returned items","status":"passed","title":"should preserve item order in returned items","duration":36.40679999999975,"failureMessages":[],"meta":{}},{"ancestorTitles":["ArtistContentPage Logic","Property 4: Loading State Indicator"],"fullName":"ArtistContentPage Logic Property 4: Loading State Indicator should show loading indicator when loading is true","status":"passed","title":"should show loading indicator when loading is true","duration":0.34349999999994907,"failureMessages":[],"meta":{}},{"ancestorTitles":["ArtistContentPage Logic","Property 4: Loading State Indicator"],"fullName":"ArtistContentPage Logic Property 4: Loading State Indicator should hide loading indicator when loading is false","status":"passed","title":"should hide loading indicator when loading is false","duration":0.12269999999989523,"failureMessages":[],"meta":{}},{"ancestorTitles":["ArtistContentPage Logic","Property 4: Loading State Indicator"],"fullName":"ArtistContentPage Logic Property 4: Loading State Indicator should correctly reflect loading state for any boolean","status":"passed","title":"should correctly reflect loading state for any boolean","duration":3.2817999999997483,"failureMessages":[],"meta":{}},{"ancestorTitles":["ArtistContentPage Logic","Property 6: Error State with Retry"],"fullName":"ArtistContentPage Logic Property 6: Error State with Retry should show error message and retry button when error exists","status":"passed","title":"should show error message and retry button when error exists","duration":9.066499999999905,"failureMessages":[],"meta":{}},{"ancestorTitles":["ArtistContentPage Logic","Property 6: Error State with Retry"],"fullName":"ArtistContentPage Logic Property 6: Error State with Retry should hide error message and retry button when no error","status":"passed","title":"should hide error message and retry button when no error","duration":0.7057999999997264,"failureMessages":[],"meta":{}},{"ancestorTitles":["ArtistContentPage Logic","Property 6: Error State with Retry"],"fullName":"ArtistContentPage Logic Property 6: Error State with Retry should preserve error message content","status":"passed","title":"should preserve error message content","duration":8.030800000000454,"failureMessages":[],"meta":{}}],"startTime":1773762621330,"endTime":1773762621688.0308,"status":"passed","message":"","name":"C:/vscode/OwlPlayer/frontend/src/components/ArtistContentPage.prop.test.ts"},{"assertionResults":[{"ancestorTitles":["ArtistContextMenu","Property 1: Artist menu shows correct follow state"],"fullName":"ArtistContextMenu Property 1: Artist menu shows correct follow state should display \"关注\" when artist is not followed","status":"passed","title":"should display \"关注\" when artist is not followed","duration":9.14390000000003,"failureMessages":[],"meta":{}},{"ancestorTitles":["ArtistContextMenu","Property 1: Artist menu shows correct follow state"],"fullName":"ArtistContextMenu Property 1: Artist menu shows correct follow state should display \"取消关注\" when artist is followed","status":"passed","title":"should display \"取消关注\" when artist is followed","duration":5.6851000000006024,"failureMessages":[],"meta":{}},{"ancestorTitles":["ArtistContextMenu","Property 1: Artist menu shows correct follow state"],"fullName":"ArtistContextMenu Property 1: Artist menu shows correct follow state should always return one of the two valid labels for any boolean state","status":"passed","title":"should always return one of the two valid labels for any boolean state","duration":10.379500000000007,"failureMessages":[],"meta":{}},{"ancestorTitles":["ArtistContextMenu","Property 1: Artist menu shows correct follow state"],"fullName":"ArtistContextMenu Property 1: Artist menu shows correct follow state should return opposite labels for opposite follow states","status":"passed","title":"should return opposite labels for opposite follow states","duration":13.12920000000031,"failureMessages":[],"meta":{}},{"ancestorTitles":["ArtistContextMenu","Property 1: Artist menu shows correct follow state"],"fullName":"ArtistContextMenu Property 1: Artist menu shows correct follow state should be deterministic - same input always produces same output","status":"passed","title":"should be deterministic - same input always produces same output","duration":8.262399999999616,"failureMessages":[],"meta":{}},{"ancestorTitles":["ArtistContextMenu","Property 1: Dialog displays with correct item information (artist)"],"fullName":"ArtistContextMenu Property 1: Dialog displays with correct item information (artist) confirmation message should contain artist name","status":"passed","title":"confirmation message should contain artist name","duration":26.440700000000106,"failureMessages":[],"meta":{}},{"ancestorTitles":["ArtistContextMenu","Property 1: Dialog displays with correct item information (artist)"],"fullName":"ArtistContextMenu Property 1: Dialog displays with correct item information (artist) confirmation message should have correct format","status":"passed","title":"confirmation message should have correct format","duration":21.376400000000103,"failureMessages":[],"meta":{}},{"ancestorTitles":["ArtistContextMenu","Property 3: Confirm action executes unfollow for artists"],"fullName":"ArtistContextMenu Property 3: Confirm action executes unfollow for artists confirming unfollow should remove artist from followed list","status":"passed","title":"confirming unfollow should remove artist from followed list","duration":12.947699999999713,"failureMessages":[],"meta":{}},{"ancestorTitles":["ArtistContextMenu","Property 3: Confirm action executes unfollow for artists"],"fullName":"ArtistContextMenu Property 3: Confirm action executes unfollow for artists canceling unfollow should keep artist in followed list","status":"passed","title":"canceling unfollow should keep artist in followed list","duration":11.039899999999761,"failureMessages":[],"meta":{}},{"ancestorTitles":["ArtistContextMenu","Property 3: Confirm action executes unfollow for artists"],"fullName":"ArtistContextMenu Property 3: Confirm action executes unfollow for artists unfollow should only affect the specified artist","status":"passed","title":"unfollow should only affect the specified artist","duration":24.195999999999913,"failureMessages":[],"meta":{}}],"startTime":1773762629636,"endTime":1773762629780.196,"status":"passed","message":"","name":"C:/vscode/OwlPlayer/frontend/src/components/ArtistContextMenu.prop.test.ts"},{"assertionResults":[{"ancestorTitles":["ArtistDetailPage Preview Logic","Property 7: Preview Limit Enforcement"],"fullName":"ArtistDetailPage Preview Logic Property 7: Preview Limit Enforcement should display at most PREVIEW_LIMIT items for top songs","status":"passed","title":"should display at most PREVIEW_LIMIT items for top songs","duration":64.4390999999996,"failureMessages":[],"meta":{}},{"ancestorTitles":["ArtistDetailPage Preview Logic","Property 7: Preview Limit Enforcement"],"fullName":"ArtistDetailPage Preview Logic Property 7: Preview Limit Enforcement should display at most PREVIEW_LIMIT items for albums","status":"passed","title":"should display at most PREVIEW_LIMIT items for albums","duration":38.40679999999975,"failureMessages":[],"meta":{}},{"ancestorTitles":["ArtistDetailPage Preview Logic","Property 7: Preview Limit Enforcement"],"fullName":"ArtistDetailPage Preview Logic Property 7: Preview Limit Enforcement should display at most PREVIEW_LIMIT items for singles/EPs","status":"passed","title":"should display at most PREVIEW_LIMIT items for singles/EPs","duration":23.755699999999706,"failureMessages":[],"meta":{}},{"ancestorTitles":["ArtistDetailPage Preview Logic","Property 7: Preview Limit Enforcement"],"fullName":"ArtistDetailPage Preview Logic Property 7: Preview Limit Enforcement should show View More button if and only if total count exceeds PREVIEW_LIMIT","status":"passed","title":"should show View More button if and only if total count exceeds PREVIEW_LIMIT","duration":19.170600000000377,"failureMessages":[],"meta":{}},{"ancestorTitles":["ArtistDetailPage Preview Logic","Property 7: Preview Limit Enforcement"],"fullName":"ArtistDetailPage Preview Logic Property 7: Preview Limit Enforcement should hide View More button when items count is 5 or fewer","status":"passed","title":"should hide View More button when items count is 5 or fewer","duration":15.132200000000012,"failureMessages":[],"meta":{}},{"ancestorTitles":["ArtistDetailPage Preview Logic","Property 7: Preview Limit Enforcement"],"fullName":"ArtistDetailPage Preview Logic Property 7: Preview Limit Enforcement should show View More button when items count is more than 5","status":"passed","title":"should show View More button when items count is more than 5","duration":50.29809999999998,"failureMessages":[],"meta":{}},{"ancestorTitles":["ArtistDetailPage Preview Logic","Property 7: Preview Limit Enforcement"],"fullName":"ArtistDetailPage Preview Logic Property 7: Preview Limit Enforcement should preserve first PREVIEW_LIMIT items in preview","status":"passed","title":"should preserve first PREVIEW_LIMIT items in preview","duration":62.95720000000074,"failureMessages":[],"meta":{}},{"ancestorTitles":["ArtistDetailPage Preview Logic","Property 5: Artist Detail Page Play/Pause Icon Consistency"],"fullName":"ArtistDetailPage Preview Logic Property 5: Artist Detail Page Play/Pause Icon Consistency should show pause icon when isPlaying=true, queueSource.type=artist, and queueSource.id matches artistId","status":"passed","title":"should show pause icon when isPlaying=true, queueSource.type=artist, and queueSource.id matches artistId","duration":6.046299999999974,"failureMessages":[],"meta":{}},{"ancestorTitles":["ArtistDetailPage Preview Logic","Property 5: Artist Detail Page Play/Pause Icon Consistency"],"fullName":"ArtistDetailPage Preview Logic Property 5: Artist Detail Page Play/Pause Icon Consistency should show play icon when isPlaying=false regardless of queueSource","status":"passed","title":"should show play icon when isPlaying=false regardless of queueSource","duration":7.344099999999344,"failureMessages":[],"meta":{}},{"ancestorTitles":["ArtistDetailPage Preview Logic","Property 5: Artist Detail Page Play/Pause Icon Consistency"],"fullName":"ArtistDetailPage Preview Logic Property 5: Artist Detail Page Play/Pause Icon Consistency should show play icon when queueSource.type is not artist","status":"passed","title":"should show play icon when queueSource.type is not artist","duration":6.70089999999982,"failureMessages":[],"meta":{}},{"ancestorTitles":["ArtistDetailPage Preview Logic","Property 5: Artist Detail Page Play/Pause Icon Consistency"],"fullName":"ArtistDetailPage Preview Logic Property 5: Artist Detail Page Play/Pause Icon Consistency should show play icon when queueSource.id does not match artistId","status":"passed","title":"should show play icon when queueSource.id does not match artistId","duration":5.028199999999742,"failureMessages":[],"meta":{}},{"ancestorTitles":["ArtistDetailPage Preview Logic","Property 5: Artist Detail Page Play/Pause Icon Consistency"],"fullName":"ArtistDetailPage Preview Logic Property 5: Artist Detail Page Play/Pause Icon Consistency should correctly determine icon for any combination of states","status":"passed","title":"should correctly determine icon for any combination of states","duration":4.783900000000358,"failureMessages":[],"meta":{}}],"startTime":1773762621809,"endTime":1773762622115.784,"status":"passed","message":"","name":"C:/vscode/OwlPlayer/frontend/src/components/ArtistDetailPage.prop.test.ts"},{"assertionResults":[{"ancestorTitles":["ArtistDetailPage Queue Source Correctness"],"fullName":"ArtistDetailPage Queue Source Correctness should set correct queue source for any artist ID","status":"passed","title":"should set correct queue source for any artist ID","duration":20.56710000000021,"failureMessages":[],"meta":{}},{"ancestorTitles":["ArtistDetailPage Queue Source Correctness"],"fullName":"ArtistDetailPage Queue Source Correctness should preserve artist ID format in queue source","status":"passed","title":"should preserve artist ID format in queue source","duration":15.047300000000178,"failureMessages":[],"meta":{}}],"startTime":1773762646998,"endTime":1773762647034.0474,"status":"passed","message":"","name":"C:/vscode/OwlPlayer/frontend/src/components/ArtistDetailPage.queueSource.prop.test.ts"},{"assertionResults":[{"ancestorTitles":["ArtistDetailPage Play Button Resume Property Tests"],"fullName":"ArtistDetailPage Play Button Resume Property Tests Property 1: when source matches and paused, should resume (not restart)","status":"passed","title":"Property 1: when source matches and paused, should resume (not restart)","duration":15.565100000000712,"failureMessages":[],"meta":{}},{"ancestorTitles":["ArtistDetailPage Play Button Resume Property Tests"],"fullName":"ArtistDetailPage Play Button Resume Property Tests Property 1a: when source matches and playing, should pause","status":"passed","title":"Property 1a: when source matches and playing, should pause","duration":6.14429999999993,"failureMessages":[],"meta":{}},{"ancestorTitles":["ArtistDetailPage Play Button Resume Property Tests"],"fullName":"ArtistDetailPage Play Button Resume Property Tests Property 1b: when source does not match, should restart","status":"passed","title":"Property 1b: when source does not match, should restart","duration":9.094199999999546,"failureMessages":[],"meta":{}},{"ancestorTitles":["ArtistDetailPage Play Button Resume Property Tests"],"fullName":"ArtistDetailPage Play Button Resume Property Tests Property 1c: when source type matches but ID differs, should restart","status":"passed","title":"Property 1c: when source type matches but ID differs, should restart","duration":7.849200000000565,"failureMessages":[],"meta":{}}],"startTime":1773762649124,"endTime":1773762649162.849,"status":"passed","message":"","name":"C:/vscode/OwlPlayer/frontend/src/components/ArtistDetailPage.resume.prop.test.ts"},{"assertionResults":[{"ancestorTitles":["ArtistDetailPage Properties"],"fullName":"ArtistDetailPage Properties Property 9: Artist detail has all required fields","status":"passed","title":"Property 9: Artist detail has all required fields","duration":49.12369999999919,"failureMessages":[],"meta":{}},{"ancestorTitles":["ArtistDetailPage Properties"],"fullName":"ArtistDetailPage Properties Property 10: Song playback starts from clicked song","status":"passed","title":"Property 10: Song playback starts from clicked song","duration":12.250200000000405,"failureMessages":[],"meta":{}},{"ancestorTitles":["ArtistDetailPage Properties"],"fullName":"ArtistDetailPage Properties Property 11: Album navigation uses correct album ID","status":"passed","title":"Property 11: Album navigation uses correct album ID","duration":11.898600000000442,"failureMessages":[],"meta":{}},{"ancestorTitles":["ArtistDetailPage Properties"],"fullName":"ArtistDetailPage Properties Top songs array is properly accessible","status":"passed","title":"Top songs array is properly accessible","duration":20.38419999999951,"failureMessages":[],"meta":{}},{"ancestorTitles":["ArtistDetailPage Properties"],"fullName":"ArtistDetailPage Properties Albums array is properly accessible","status":"passed","title":"Albums array is properly accessible","duration":19.10570000000007,"failureMessages":[],"meta":{}},{"ancestorTitles":["ArtistDetailPage Properties"],"fullName":"ArtistDetailPage Properties Album categories (albums, singlesAndEPs) are properly accessible","status":"passed","title":"Album categories (albums, singlesAndEPs) are properly accessible","duration":18.618900000000394,"failureMessages":[],"meta":{}}],"startTime":1773762632753,"endTime":1773762632885.619,"status":"passed","message":"","name":"C:/vscode/OwlPlayer/frontend/src/components/ArtistDetailPage.test.ts"},{"assertionResults":[{"ancestorTitles":["ArtistHeroImage Property Tests"],"fullName":"ArtistHeroImage Property Tests Property 5: Landscape images use higher resolution (1920) than standard images (1000)","status":"passed","title":"Property 5: Landscape images use higher resolution (1920) than standard images (1000)","duration":16.513600000000224,"failureMessages":[],"meta":{}},{"ancestorTitles":["ArtistHeroImage Property Tests"],"fullName":"ArtistHeroImage Property Tests should always use higher resolution for landscape than for standard images","status":"passed","title":"should always use higher resolution for landscape than for standard images","duration":8.143699999999626,"failureMessages":[],"meta":{}},{"ancestorTitles":["ArtistHeroImage Property Tests"],"fullName":"ArtistHeroImage Property Tests should preserve base URL structure when applying resolution","status":"passed","title":"should preserve base URL structure when applying resolution","duration":21.288300000000163,"failureMessages":[],"meta":{}}],"startTime":1773762649478,"endTime":1773762649524.2883,"status":"passed","message":"","name":"C:/vscode/OwlPlayer/frontend/src/components/ArtistHeroImage.prop.test.ts"},{"assertionResults":[{"ancestorTitles":["Artist Navigation Routes","Property 1: View More Navigation"],"fullName":"Artist Navigation Routes Property 1: View More Navigation should generate correct top songs route for any artist ID","status":"passed","title":"should generate correct top songs route for any artist ID","duration":19.76179999999931,"failureMessages":[],"meta":{}},{"ancestorTitles":["Artist Navigation Routes","Property 1: View More Navigation"],"fullName":"Artist Navigation Routes Property 1: View More Navigation should generate correct albums route for any artist ID","status":"passed","title":"should generate correct albums route for any artist ID","duration":9.796299999999974,"failureMessages":[],"meta":{}},{"ancestorTitles":["Artist Navigation Routes","Property 1: View More Navigation"],"fullName":"Artist Navigation Routes Property 1: View More Navigation should generate correct singles route for any artist ID","status":"passed","title":"should generate correct singles route for any artist ID","duration":10.226999999999862,"failureMessages":[],"meta":{}},{"ancestorTitles":["Artist Navigation Routes","Property 1: View More Navigation"],"fullName":"Artist Navigation Routes Property 1: View More Navigation should generate correct view more route based on content type","status":"passed","title":"should generate correct view more route based on content type","duration":12.610399999999572,"failureMessages":[],"meta":{}},{"ancestorTitles":["Artist Navigation Routes","Property 1: View More Navigation"],"fullName":"Artist Navigation Routes Property 1: View More Navigation should generate unique routes for different content types","status":"passed","title":"should generate unique routes for different content types","duration":15.20129999999972,"failureMessages":[],"meta":{}},{"ancestorTitles":["Artist Navigation Routes","Back Navigation Routes"],"fullName":"Artist Navigation Routes Back Navigation Routes should generate correct artist detail route for back navigation","status":"passed","title":"should generate correct artist detail route for back navigation","duration":20.86329999999998,"failureMessages":[],"meta":{}},{"ancestorTitles":["Artist Navigation Routes","Album Click Navigation"],"fullName":"Artist Navigation Routes Album Click Navigation should generate correct album detail route for any album ID","status":"passed","title":"should generate correct album detail route for any album ID","duration":8.828400000000329,"failureMessages":[],"meta":{}},{"ancestorTitles":["Navigation Flow Unit Tests","Artist Detail to View More Navigation"],"fullName":"Navigation Flow Unit Tests Artist Detail to View More Navigation should navigate to top songs page from artist detail","status":"passed","title":"should navigate to top songs page from artist detail","duration":0.41640000000006694,"failureMessages":[],"meta":{}},{"ancestorTitles":["Navigation Flow Unit Tests","Artist Detail to View More Navigation"],"fullName":"Navigation Flow Unit Tests Artist Detail to View More Navigation should navigate to albums page from artist detail","status":"passed","title":"should navigate to albums page from artist detail","duration":0.5047000000004118,"failureMessages":[],"meta":{}},{"ancestorTitles":["Navigation Flow Unit Tests","Artist Detail to View More Navigation"],"fullName":"Navigation Flow Unit Tests Artist Detail to View More Navigation should navigate to singles page from artist detail","status":"passed","title":"should navigate to singles page from artist detail","duration":0.23690000000078726,"failureMessages":[],"meta":{}},{"ancestorTitles":["Navigation Flow Unit Tests","Back Navigation"],"fullName":"Navigation Flow Unit Tests Back Navigation should navigate back to artist detail from top songs page","status":"passed","title":"should navigate back to artist detail from top songs page","duration":0.14990000000034343,"failureMessages":[],"meta":{}},{"ancestorTitles":["Navigation Flow Unit Tests","Back Navigation"],"fullName":"Navigation Flow Unit Tests Back Navigation should navigate back to artist detail from albums page","status":"passed","title":"should navigate back to artist detail from albums page","duration":0.13839999999981956,"failureMessages":[],"meta":{}},{"ancestorTitles":["Navigation Flow Unit Tests","Back Navigation"],"fullName":"Navigation Flow Unit Tests Back Navigation should navigate back to artist detail from singles page","status":"passed","title":"should navigate back to artist detail from singles page","duration":0.1147000000000844,"failureMessages":[],"meta":{}},{"ancestorTitles":["Navigation Flow Unit Tests","Album Click Navigation"],"fullName":"Navigation Flow Unit Tests Album Click Navigation should navigate to album detail when clicking album from albums page","status":"passed","title":"should navigate to album detail when clicking album from albums page","duration":0.13100000000031287,"failureMessages":[],"meta":{}},{"ancestorTitles":["Navigation Flow Unit Tests","Album Click Navigation"],"fullName":"Navigation Flow Unit Tests Album Click Navigation should navigate to album detail when clicking single/EP from singles page","status":"passed","title":"should navigate to album detail when clicking single/EP from singles page","duration":0.10739999999987049,"failureMessages":[],"meta":{}}],"startTime":1773762637448,"endTime":1773762637549.131,"status":"passed","message":"","name":"C:/vscode/OwlPlayer/frontend/src/components/ArtistNavigation.prop.test.ts"},{"assertionResults":[{"ancestorTitles":["AuthLayout Route Detection","Property 3: Auth routes hide main layout"],"fullName":"AuthLayout Route Detection Property 3: Auth routes hide main layout should identify auth routes correctly","status":"passed","title":"should identify auth routes correctly","duration":12.578700000000026,"failureMessages":[],"meta":{}},{"ancestorTitles":["AuthLayout Route Detection","Property 3: Auth routes hide main layout"],"fullName":"AuthLayout Route Detection Property 3: Auth routes hide main layout should identify main layout routes correctly","status":"passed","title":"should identify main layout routes correctly","duration":4.10780000000068,"failureMessages":[],"meta":{}},{"ancestorTitles":["AuthLayout Route Detection","Property 3: Auth routes hide main layout"],"fullName":"AuthLayout Route Detection Property 3: Auth routes hide main layout should identify dynamic main routes correctly","status":"passed","title":"should identify dynamic main routes correctly","duration":7.216600000000653,"failureMessages":[],"meta":{}},{"ancestorTitles":["AuthLayout Route Detection","Property 3: Auth routes hide main layout"],"fullName":"AuthLayout Route Detection Property 3: Auth routes hide main layout should hide Sidebar, TopNavBar, and PlayerBar on auth routes","status":"passed","title":"should hide Sidebar, TopNavBar, and PlayerBar on auth routes","duration":11.411799999999857,"failureMessages":[],"meta":{}},{"ancestorTitles":["AuthLayout Route Detection","Property 3: Auth routes hide main layout"],"fullName":"AuthLayout Route Detection Property 3: Auth routes hide main layout should show Sidebar, TopNavBar, and PlayerBar on main routes","status":"passed","title":"should show Sidebar, TopNavBar, and PlayerBar on main routes","duration":12.805200000000696,"failureMessages":[],"meta":{}},{"ancestorTitles":["AuthLayout Route Detection","Property 3: Auth routes hide main layout"],"fullName":"AuthLayout Route Detection Property 3: Auth routes hide main layout should show main layout for dynamic routes","status":"passed","title":"should show main layout for dynamic routes","duration":16.877000000000407,"failureMessages":[],"meta":{}},{"ancestorTitles":["AuthLayout Route Detection","Property 3: Auth routes hide main layout"],"fullName":"AuthLayout Route Detection Property 3: Auth routes hide main layout should never show both AuthLayout and main layout components simultaneously","status":"passed","title":"should never show both AuthLayout and main layout components simultaneously","duration":4.994000000000597,"failureMessages":[],"meta":{}}],"startTime":1773762634265,"endTime":1773762634335.994,"status":"passed","message":"","name":"C:/vscode/OwlPlayer/frontend/src/components/AuthLayout.prop.test.ts"},{"assertionResults":[{"ancestorTitles":["ClickableLink URL Generation","Property 1: Artist navigation generates correct URL"],"fullName":"ClickableLink URL Generation Property 1: Artist navigation generates correct URL should generate correct artist URL for any valid artistId","status":"passed","title":"should generate correct artist URL for any valid artistId","duration":18.565099999999802,"failureMessages":[],"meta":{}},{"ancestorTitles":["ClickableLink URL Generation","Property 1: Artist navigation generates correct URL"],"fullName":"ClickableLink URL Generation Property 1: Artist navigation generates correct URL should return undefined for undefined artistId","status":"passed","title":"should return undefined for undefined artistId","duration":0.33370000000013533,"failureMessages":[],"meta":{}},{"ancestorTitles":["ClickableLink URL Generation","Property 1: Artist navigation generates correct URL"],"fullName":"ClickableLink URL Generation Property 1: Artist navigation generates correct URL should return undefined for empty string artistId","status":"passed","title":"should return undefined for empty string artistId","duration":0.19620000000031723,"failureMessages":[],"meta":{}},{"ancestorTitles":["ClickableLink URL Generation","Property 2: Album navigation generates correct URL"],"fullName":"ClickableLink URL Generation Property 2: Album navigation generates correct URL should generate correct album URL for any valid albumId","status":"passed","title":"should generate correct album URL for any valid albumId","duration":6.6445999999996275,"failureMessages":[],"meta":{}},{"ancestorTitles":["ClickableLink URL Generation","Property 2: Album navigation generates correct URL"],"fullName":"ClickableLink URL Generation Property 2: Album navigation generates correct URL should return undefined for undefined albumId","status":"passed","title":"should return undefined for undefined albumId","duration":0.3566000000000713,"failureMessages":[],"meta":{}},{"ancestorTitles":["ClickableLink URL Generation","Property 2: Album navigation generates correct URL"],"fullName":"ClickableLink URL Generation Property 2: Album navigation generates correct URL should return undefined for empty string albumId","status":"passed","title":"should return undefined for empty string albumId","duration":0.21900000000005093,"failureMessages":[],"meta":{}},{"ancestorTitles":["ClickableLink Disabled State","Property 3: Links without ID are disabled"],"fullName":"ClickableLink Disabled State Property 3: Links without ID are disabled should render as plain text when href is undefined","status":"passed","title":"should render as plain text when href is undefined","duration":3.445499999999811,"failureMessages":[],"meta":{}},{"ancestorTitles":["ClickableLink Disabled State","Property 3: Links without ID are disabled"],"fullName":"ClickableLink Disabled State Property 3: Links without ID are disabled should render as plain text when href is empty string","status":"passed","title":"should render as plain text when href is empty string","duration":3.2330000000001746,"failureMessages":[],"meta":{}},{"ancestorTitles":["ClickableLink Disabled State","Property 3: Links without ID are disabled"],"fullName":"ClickableLink Disabled State Property 3: Links without ID are disabled should render as plain text when disabled is true regardless of href","status":"passed","title":"should render as plain text when disabled is true regardless of href","duration":8.534200000000055,"failureMessages":[],"meta":{}},{"ancestorTitles":["ClickableLink Disabled State","Property 3: Links without ID are disabled"],"fullName":"ClickableLink Disabled State Property 3: Links without ID are disabled should render as clickable when href is valid and not disabled","status":"passed","title":"should render as clickable when href is valid and not disabled","duration":7.824700000000121,"failureMessages":[],"meta":{}},{"ancestorTitles":["ClickableLink Disabled State","Property 3: Links without ID are disabled"],"fullName":"ClickableLink Disabled State Property 3: Links without ID are disabled should not navigate when artistId/albumId is undefined","status":"passed","title":"should not navigate when artistId/albumId is undefined","duration":0.5018000000000029,"failureMessages":[],"meta":{}},{"ancestorTitles":["ClickableLink Click Behavior","Property 4: Click events stop propagation"],"fullName":"ClickableLink Click Behavior Property 4: Click events stop propagation should stop propagation when link is clickable","status":"passed","title":"should stop propagation when link is clickable","duration":5.331299999999828,"failureMessages":[],"meta":{}},{"ancestorTitles":["ClickableLink Click Behavior","Property 4: Click events stop propagation"],"fullName":"ClickableLink Click Behavior Property 4: Click events stop propagation should not stop propagation when link is disabled","status":"passed","title":"should not stop propagation when link is disabled","duration":6.042899999999463,"failureMessages":[],"meta":{}},{"ancestorTitles":["ClickableLink Click Behavior","Property 4: Click events stop propagation"],"fullName":"ClickableLink Click Behavior Property 4: Click events stop propagation should not stop propagation when href is undefined","status":"passed","title":"should not stop propagation when href is undefined","duration":0.19699999999920692,"failureMessages":[],"meta":{}},{"ancestorTitles":["ClickableLink Navigation Consistency","URL format consistency"],"fullName":"ClickableLink Navigation Consistency URL format consistency artist URLs should always start with /artist/","status":"passed","title":"artist URLs should always start with /artist/","duration":4.281300000000556,"failureMessages":[],"meta":{}},{"ancestorTitles":["ClickableLink Navigation Consistency","URL format consistency"],"fullName":"ClickableLink Navigation Consistency URL format consistency album URLs should always start with /album/","status":"passed","title":"album URLs should always start with /album/","duration":4.068599999999606,"failureMessages":[],"meta":{}},{"ancestorTitles":["ClickableLink Navigation Consistency","URL format consistency"],"fullName":"ClickableLink Navigation Consistency URL format consistency generated URLs should preserve the original ID","status":"passed","title":"generated URLs should preserve the original ID","duration":8.100900000000365,"failureMessages":[],"meta":{}}],"startTime":1773762639611,"endTime":1773762639691.1008,"status":"passed","message":"","name":"C:/vscode/OwlPlayer/frontend/src/components/ClickableLink.prop.test.ts"},{"assertionResults":[{"ancestorTitles":["ConfirmDialog","Property 4: Cancel action preserves state"],"fullName":"ConfirmDialog Property 4: Cancel action preserves state cancel via any method should close dialog without executing action","status":"passed","title":"cancel via any method should close dialog without executing action","duration":19.33309999999983,"failureMessages":[],"meta":{}},{"ancestorTitles":["ConfirmDialog","Property 4: Cancel action preserves state"],"fullName":"ConfirmDialog Property 4: Cancel action preserves state cancel button click should not trigger confirm callback","status":"passed","title":"cancel button click should not trigger confirm callback","duration":8.178200000000288,"failureMessages":[],"meta":{}},{"ancestorTitles":["ConfirmDialog","Property 4: Cancel action preserves state"],"fullName":"ConfirmDialog Property 4: Cancel action preserves state backdrop click should trigger cancel callback","status":"passed","title":"backdrop click should trigger cancel callback","duration":8.34979999999996,"failureMessages":[],"meta":{}},{"ancestorTitles":["ConfirmDialog","Property 4: Cancel action preserves state"],"fullName":"ConfirmDialog Property 4: Cancel action preserves state escape key should trigger cancel callback","status":"passed","title":"escape key should trigger cancel callback","duration":7.722600000000057,"failureMessages":[],"meta":{}},{"ancestorTitles":["ConfirmDialog","Property 4: Cancel action preserves state"],"fullName":"ConfirmDialog Property 4: Cancel action preserves state state should remain unchanged after cancel for albums","status":"passed","title":"state should remain unchanged after cancel for albums","duration":16.061099999999897,"failureMessages":[],"meta":{}},{"ancestorTitles":["ConfirmDialog","Property 4: Cancel action preserves state"],"fullName":"ConfirmDialog Property 4: Cancel action preserves state state should remain unchanged after cancel for artists","status":"passed","title":"state should remain unchanged after cancel for artists","duration":11.593399999999747,"failureMessages":[],"meta":{}}],"startTime":1773762642074,"endTime":1773762642145.5935,"status":"passed","message":"","name":"C:/vscode/OwlPlayer/frontend/src/components/ConfirmDialog.prop.test.ts"},{"assertionResults":[{"ancestorTitles":["ContextMenu Position Calculation","calculateMenuPosition keeps menu within viewport"],"fullName":"ContextMenu Position Calculation calculateMenuPosition keeps menu within viewport should keep menu within viewport bounds for any position and size","status":"passed","title":"should keep menu within viewport bounds for any position and size","duration":20.141499999999724,"failureMessages":[],"meta":{}},{"ancestorTitles":["ContextMenu Position Calculation","calculateMenuPosition keeps menu within viewport"],"fullName":"ContextMenu Position Calculation calculateMenuPosition keeps menu within viewport should preserve original position when menu fits within viewport","status":"passed","title":"should preserve original position when menu fits within viewport","duration":6.750799999999799,"failureMessages":[],"meta":{}},{"ancestorTitles":["ContextMenu Close Behaviors","Property 9: Menu close behaviors"],"fullName":"ContextMenu Close Behaviors Property 9: Menu close behaviors any close event should close an open menu","status":"passed","title":"any close event should close an open menu","duration":3.533799999999246,"failureMessages":[],"meta":{}},{"ancestorTitles":["ContextMenu Close Behaviors","Property 9: Menu close behaviors"],"fullName":"ContextMenu Close Behaviors Property 9: Menu close behaviors close events should not affect already closed menu","status":"passed","title":"close events should not affect already closed menu","duration":3.9482000000007247,"failureMessages":[],"meta":{}},{"ancestorTitles":["ContextMenu Close Behaviors","Property 9: Menu close behaviors"],"fullName":"ContextMenu Close Behaviors Property 9: Menu close behaviors menu state should be false after any close event on open menu","status":"passed","title":"menu state should be false after any close event on open menu","duration":3.3802000000005137,"failureMessages":[],"meta":{}},{"ancestorTitles":["ContextMenu Close Behaviors","Property 9: Menu close behaviors"],"fullName":"ContextMenu Close Behaviors Property 9: Menu close behaviors click-outside should close menu (Requirement 5.1)","status":"passed","title":"click-outside should close menu (Requirement 5.1)","duration":0.22010000000045693,"failureMessages":[],"meta":{}},{"ancestorTitles":["ContextMenu Close Behaviors","Property 9: Menu close behaviors"],"fullName":"ContextMenu Close Behaviors Property 9: Menu close
[...]
[],"meta":{}},{"ancestorTitles":["DesktopAudioSession","resumePlayback"],"fullName":"DesktopAudioSession resumePlayback should return false when NotAllowedError occurs","status":"passed","title":"should return false when NotAllowedError occurs","duration":0.5392000000001644,"failureMessages":[],"meta":{}},{"ancestorTitles":["DesktopAudioSession","resumePlayback"],"fullName":"DesktopAudioSession resumePlayback should throw other errors","status":"passed","title":"should throw other errors","duration":2.558100000000195,"failureMessages":[],"meta":{}},{"ancestorTitles":["DesktopAudioSession","isHlsMode"],"fullName":"DesktopAudioSession isHlsMode should always return false for desktop","status":"passed","title":"should always return false for desktop","duration":0.4359999999996944,"failureMessages":[],"meta":{}},{"ancestorTitles":["DesktopAudioSession","platform"],"fullName":"DesktopAudioSession platform should return desktop as platform","status":"passed","title":"should return desktop as platform","duration":0.5111000000001695,"failureMessages":[],"meta":{}},{"ancestorTitles":["DesktopAudioSession","syncProgress"],"fullName":"DesktopAudioSession syncProgress should set currentTime when valid progress provided","status":"passed","title":"should set currentTime when valid progress provided","duration":0.38659999999981665,"failureMessages":[],"meta":{}},{"ancestorTitles":["DesktopAudioSession","syncProgress"],"fullName":"DesktopAudioSession syncProgress should not set currentTime when progress is 0","status":"passed","title":"should not set currentTime when progress is 0","duration":0.22870000000011714,"failureMessages":[],"meta":{}},{"ancestorTitles":["DesktopAudioSession","syncProgress"],"fullName":"DesktopAudioSession syncProgress should not set currentTime when progress exceeds duration","status":"passed","title":"should not set currentTime when progress exceeds duration","duration":0.18890000000010332,"failureMessages":[],"meta":{}},{"ancestorTitles":["DesktopAudioSession","event handling"],"fullName":"DesktopAudioSession event handling should register and call event handlers","status":"passed","title":"should register and call event handlers","duration":1.7690000000002328,"failureMessages":[],"meta":{}},{"ancestorTitles":["DesktopAudioSession","event handling"],"fullName":"DesktopAudioSession event handling should remove event handlers","status":"passed","title":"should remove event handlers","duration":0.37969999999995707,"failureMessages":[],"meta":{}},{"ancestorTitles":["DesktopAudioSession","event handling"],"fullName":"DesktopAudioSession event handling should emit error events on playback error","status":"passed","title":"should emit error events on playback error","duration":6.790599999999813,"failureMessages":[],"meta":{}},{"ancestorTitles":["DesktopAudioSession","cleanup"],"fullName":"DesktopAudioSession cleanup should set state to closed","status":"passed","title":"should set state to closed","duration":0.724699999999757,"failureMessages":[],"meta":{}},{"ancestorTitles":["DesktopAudioSession","cleanup"],"fullName":"DesktopAudioSession cleanup should clear event handlers","status":"passed","title":"should clear event handlers","duration":0.3649000000000342,"failureMessages":[],"meta":{}},{"ancestorTitles":["DesktopAudioSession","config"],"fullName":"DesktopAudioSession config should use default config when none provided","status":"passed","title":"should use default config when none provided","duration":0.3018000000001848,"failureMessages":[],"meta":{}},{"ancestorTitles":["DesktopAudioSession","config"],"fullName":"DesktopAudioSession config should merge custom config with defaults","status":"passed","title":"should merge custom config with defaults","duration":0.2776000000003478,"failureMessages":[],"meta":{}}],"startTime":1773762651072,"endTime":1773762651095.365,"status":"passed","message":"","name":"C:/vscode/OwlPlayer/frontend/src/utils/audioSession/desktop.test.ts"},{"assertionResults":[{"ancestorTitles":["Platform Detection","Property 3: Platform Detection and Implementation Selection"],"fullName":"Platform Detection Property 3: Platform Detection and Implementation Selection should detect iOS platform for all iOS user agents","status":"passed","title":"should detect iOS platform for all iOS user agents","duration":29.40599999999995,"failureMessages":[],"meta":{}},{"ancestorTitles":["Platform Detection","Property 3: Platform Detection and Implementation Selection"],"fullName":"Platform Detection Property 3: Platform Detection and Implementation Selection should detect Android platform for all Android user agents","status":"passed","title":"should detect Android platform for all Android user agents","duration":19.740999999999985,"failureMessages":[],"meta":{}},{"ancestorTitles":["Platform Detection","Property 3: Platform Detection and Implementation Selection"],"fullName":"Platform Detection Property 3: Platform Detection and Implementation Selection should detect Desktop platform for all desktop user agents","status":"passed","title":"should detect Desktop platform for all desktop user agents","duration":22.347099999999955,"failureMessages":[],"meta":{}},{"ancestorTitles":["Platform Detection","Property 3: Platform Detection and Implementation Selection"],"fullName":"Platform Detection Property 3: Platform Detection and Implementation Selection should return exactly one of three platforms for any user agent","status":"passed","title":"should return exactly one of three platforms for any user agent","duration":19.466999999999643,"failureMessages":[],"meta":{}},{"ancestorTitles":["Platform Detection","PWA Detection"],"fullName":"Platform Detection PWA Detection should detect PWA mode when display-mode is standalone","status":"passed","title":"should detect PWA mode when display-mode is standalone","duration":20.97059999999965,"failureMessages":[],"meta":{}},{"ancestorTitles":["Platform Detection","PWA Detection"],"fullName":"Platform Detection PWA Detection should detect non-PWA mode when display-mode is browser","status":"passed","title":"should detect non-PWA mode when display-mode is browser","duration":11.712800000000243,"failureMessages":[],"meta":{}},{"ancestorTitles":["Platform Detection","Browser Detection"],"fullName":"Platform Detection Browser Detection should detect Safari browser correctly","status":"passed","title":"should detect Safari browser correctly","duration":0.7930999999998676,"failureMessages":[],"meta":{}},{"ancestorTitles":["Platform Detection","Browser Detection"],"fullName":"Platform Detection Browser Detection should detect Chrome browser correctly","status":"passed","title":"should detect Chrome browser correctly","duration":0.5627999999996973,"failureMessages":[],"meta":{}},{"ancestorTitles":["Platform Detection","Browser Detection"],"fullName":"Platform Detection Browser Detection should detect Firefox browser correctly","status":"passed","title":"should detect Firefox browser correctly","duration":0.7287000000005719,"failureMessages":[],"meta":{}},{"ancestorTitles":["Platform Detection","Helper Functions"],"fullName":"Platform Detection Helper Functions isIOSPWA should return true only for iOS in PWA mode","status":"passed","title":"isIOSPWA should return true only for iOS in PWA mode","duration":1.7164000000002488,"failureMessages":[],"meta":{}},{"ancestorTitles":["Platform Detection","Helper Functions"],"fullName":"Platform Detection Helper Functions isAndroidPWA should return true only for Android in PWA mode","status":"passed","title":"isAndroidPWA should return true only for Android in PWA mode","duration":0.7590000000000146,"failureMessages":[],"meta":{}},{"ancestorTitles":["Platform Detection","Helper Functions"],"fullName":"Platform Detection Helper Functions isMobileDevice should return true for iOS and Android","status":"passed","title":"isMobileDevice should return true for iOS and Android","duration":0.6908999999996013,"failureMessages":[],"meta":{}},{"ancestorTitles":["Platform Detection","Caching Behavior"],"fullName":"Platform Detection Caching Behavior should return cached result on subsequent calls","status":"passed","title":"should return cached result on subsequent calls","duration":0.45929999999953,"failureMessages":[],"meta":{}},{"ancestorTitles":["Platform Detection","Caching Behavior"],"fullName":"Platform Detection Caching Behavior should return fresh result after cache clear","status":"passed","title":"should return fresh result after cache clear","duration":0.5500000000001819,"failureMessages":[],"meta":{}}],"startTime":1773762628922,"endTime":1773762629052.55,"status":"passed","message":"","name":"C:/vscode/OwlPlayer/frontend/src/utils/audioSession/detection.prop.test.ts"},{"assertionResults":[{"ancestorTitles":["iOS Audio Session","Property 2: Stream URL Format Based on Platform"],"fullName":"iOS Audio Session Property 2: Stream URL Format Based on Platform iOS PWA should return HLS URL format for all valid song IDs","status":"passed","title":"iOS PWA should return HLS URL format for all valid song IDs","duration":99.20179999999982,"failureMessages":[],"meta":{}},{"ancestorTitles":["iOS Audio Session","Property 2: Stream URL Format Based on Platform"],"fullName":"iOS Audio Session Property 2: Stream URL Format Based on Platform iOS non-PWA should return direct stream URL for all valid song IDs","status":"passed","title":"iOS non-PWA should return direct stream URL for all valid song IDs","duration":62.16820000000007,"failureMessages":[],"meta":{}},{"ancestorTitles":["iOS Audio Session","Property 2: Stream URL Format Based on Platform"],"fullName":"iOS Audio Session Property 2: Stream URL Format Based on Platform iOS PWA HLS URL should always end with playlist.m3u8","status":"passed","title":"iOS PWA HLS URL should always end with playlist.m3u8","duration":24.305699999999888,"failureMessages":[],"meta":{}},{"ancestorTitles":["iOS Audio Session","Property 2: Stream URL Format Based on Platform"],"fullName":"iOS Audio Session Property 2: Stream URL Format Based on Platform iOS non-PWA URL should not contain m3u8","status":"passed","title":"iOS non-PWA URL should not contain m3u8","duration":25.018299999999726,"failureMessages":[],"meta":{}},{"ancestorTitles":["iOS Audio Session","Property 2: Stream URL Format Based on Platform"],"fullName":"iOS Audio Session Property 2: Stream URL Format Based on Platform URL should always start with /api/stream/","status":"passed","title":"URL should always start with /api/stream/","duration":31.367299999999886,"failureMessages":[],"meta":{}},{"ancestorTitles":["iOS Audio Session","Property 2: Stream URL Format Based on Platform"],"fullName":"iOS Audio Session Property 2: Stream URL Format Based on Platform URL should contain the song ID","status":"passed","title":"URL should contain the song ID","duration":26.455700000000434,"failureMessages":[],"meta":{}},{"ancestorTitles":["iOS Audio Session","HLS Mode Configuration"],"fullName":"iOS Audio Session HLS Mode Configuration isHlsMode should be true when PWA and hlsEnabled config is true","status":"passed","title":"isHlsMode should be true when PWA and hlsEnabled config is true","duration":0.7879999999995562,"failureMessages":[],"meta":{}},{"ancestorTitles":["iOS Audio Session","HLS Mode Configuration"],"fullName":"iOS Audio Session HLS Mode Configuration isHlsMode should be false when hlsEnabled config is false","status":"passed","title":"isHlsMode should be false when hlsEnabled config is false","duration":0.6518999999998414,"failureMessages":[],"meta":{}},{"ancestorTitles":["iOS Audio Session","HLS Mode Configuration"],"fullName":"iOS Audio Session HLS Mode Configuration isHlsMode should be false when not in PWA mode","status":"passed","title":"isHlsMode should be false when not in PWA mode","duration":0.9021999999995387,"failureMessages":[],"meta":{}},{"ancestorTitles":["iOS Audio Session","Platform Property"],"fullName":"iOS Audio Session Platform Property platform should always be ios","status":"passed","title":"platform should always be ios","duration":2.5857999999998356,"failureMessages":[],"meta":{}},{"ancestorTitles":["iOS Audio Session","State Management"],"fullName":"iOS Audio Session State Management initial state should be closed","status":"passed","title":"initial state should be closed","duration":0.7459999999991851,"failureMessages":[],"meta":{}},{"ancestorTitles":["iOS Audio Session","State Management"],"fullName":"iOS Audio Session State Management state should be active after initialize","status":"passed","title":"state should be active after initialize","duration":2.7125999999998385,"failureMessages":[],"meta":{}},{"ancestorTitles":["iOS Audio Session","State Management"],"fullName":"iOS Audio Session State Management state should be closed after cleanup","status":"passed","title":"state should be closed after cleanup","duration":1.853900000000067,"failureMessages":[],"meta":{}},{"ancestorTitles":["iOS Audio Session","Event Handling"],"fullName":"iOS Audio Session Event Handling should emit stateChange event on initialize","status":"passed","title":"should emit stateChange event on initialize","duration":3.998500000000604,"failureMessages":[],"meta":{}},{"ancestorTitles":["iOS Audio Session","Event Handling"],"fullName":"iOS Audio Session Event Handling should be able to add and remove event handlers","status":"passed","title":"should be able to add and remove event handlers","duration":0.9969999999993888,"failureMessages":[],"meta":{}},{"ancestorTitles":["iOS Audio Session","Config"],"fullName":"iOS Audio Session Config should use default config when none provided","status":"passed","title":"should use default config when none provided","duration":2.158499999999549,"failureMessages":[],"meta":{}},{"ancestorTitles":["iOS Audio Session","Config"],"fullName":"iOS Audio Session Config should merge provided config with defaults","status":"passed","title":"should merge provided config with defaults","duration":0.6671000000005733,"failureMessages":[],"meta":{}},{"ancestorTitles":["iOS Audio Session","Sync Progress"],"fullName":"iOS Audio Session Sync Progress should set currentTime when progress is valid","status":"passed","title":"should set currentTime when progress is valid","duration":0.6783000000004904,"failureMessages":[],"meta":{}},{"ancestorTitles":["iOS Audio Session","Sync Progress"],"fullName":"iOS Audio Session Sync Progress should not set currentTime when progress is 0","status":"passed","title":"should not set currentTime when progress is 0","duration":0.6473999999998341,"failureMessages":[],"meta":{}},{"ancestorTitles":["iOS Audio Session","Sync Progress"],"fullName":"iOS Audio Session Sync Progress should not set currentTime when progress exceeds duration","status":"passed","title":"should not set currentTime when progress exceeds duration","duration":0.5509000000001834,"failureMessages":[],"meta":{}},{"ancestorTitles":["iOS Audio Session","Sync Progress"],"fullName":"iOS Audio Session Sync Progress should handle valid progress values correctly","status":"passed","title":"should handle valid progress values correctly","duration":31.39129999999932,"failureMessages":[],"meta":{}},{"ancestorTitles":["iOS Audio Session","Property 8: Media Session Play Handler Recovery"],"fullName":"iOS Audio Session Property 8: Media Session Play Handler Recovery should reload HLS stream when audio src is empty","status":"passed","title":"should reload HLS stream when audio src is empty","duration":1966.6799,"failureMessages":[],"meta":{}},{"ancestorTitles":["iOS Audio Session","Property 8: Media Session Play Handler Recovery"],"fullName":"iOS Audio Session Property 8: Media Session Play Handler Recovery should reload HLS stream when audio src is invalid blob URL","status":"passed","title":"should reload HLS stream when audio src is invalid blob URL","duration":2011.5959000000003,"failureMessages":[],"meta":{}},{"ancestorTitles":["iOS Audio Session","Property 8: Media Session Play Handler Recovery"],"fullName":"iOS Audio Session Property 8: Media Session Play Handler Recovery should not reload when audio src is valid HLS URL","status":"passed","title":"should not reload when audio src is valid HLS URL","duration":2001.5410999999986,"failureMessages":[],"meta":{}},{"ancestorTitles":["iOS Audio Session","Property 8: Media Session Play Handler Recovery"],"fullName":"iOS Audio Session Property 8: Media Session Play Handler Recovery should return false when no current song ID is set and src is invalid","status":"passed","title":"should return false when no current song ID is set and src is invalid","duration":2.0671999999995023,"failureMessages":[],"meta":{}},{"ancestorTitles":["iOS Audio Session","Property 8: Media Session Play Handler Recovery"],"fullName":"iOS Audio Session Property 8: Media Session Play Handler Recovery should ensure audio context is active before playing","status":"passed","title":"should ensure audio context is active before playing","duration":1847.4326999999994,"failureMessages":[],"meta":{}},{"ancestorTitles":["iOS Audio Session","Property 8: Media Session Play Handler Recovery"],"fullName":"iOS Audio Session Property 8: Media Session Play Handler Recovery should handle play rejection gracefully","status":"passed","title":"should handle play rejection gracefully","duration":2088.2309000000005,"failureMessages":[],"meta":{}},{"ancestorTitles":["iOS Audio Session","Property 9: Media Session State Sync"],"fullName":"iOS Audio Session Property 9: Media Session State Sync should update playback state within 100ms for all play/pause changes","status":"passed","title":"should update playback state within 100ms for all play/pause changes","duration":43.39040000000023,"failureMessages":[],"meta":{}},{"ancestorTitles":["iOS Audio Session","Property 9: Media Session State Sync"],"fullName":"iOS Audio Session Property 9: Media Session State Sync should update position state within 100ms for all valid progress values","status":"passed","title":"should update position state within 100ms for all valid progress values","duration":42.52210000000014,"failureMessages":[],"meta":{}},{"ancestorTitles":["iOS Audio Session","Property 9: Media Session State Sync"],"fullName":"iOS Audio Session Property 9: Media Session State Sync should update metadata within 100ms for song changes","status":"passed","title":"should update metadata within 100ms for song changes","duration":257.35019999999895,"failureMessages":[],"meta":{}},{"ancestorTitles":["iOS Audio Session","Property 9: Media Session State Sync"],"fullName":"iOS Audio Session Property 9: Media Session State Sync should sync both playback state and position state together","status":"passed","title":"should sync both playback state and position state together","duration":38.86080000000038,"failureMessages":[],"meta":{}},{"ancestorTitles":["iOS Audio Session","Property 9: Media Session State Sync"],"fullName":"iOS Audio Session Property 9: Media Session State Sync should update metadata and position state on song change","status":"passed","title":"should update metadata and position state on song change","duration":234.0005999999994,"failureMessages":[],"meta":{}},{"ancestorTitles":["iOS Audio Session","Property 9: Media Session State Sync"],"fullName":"iOS Audio Session Property 9: Media Session State Sync should not update position state for invalid duration","status":"passed","title":"should not update position state for invalid duration","duration":30.252999999998792,"failureMessages":[],"meta":{}},{"ancestorTitles":["iOS Audio Session","Property 9: Media Session State Sync"],"fullName":"iOS Audio Session Property 9: Media Session State Sync should handle Media Session not supported gracefully","status":"passed","title":"should handle Media Session not supported gracefully","duration":209.09310000000005,"failureMessages":[],"meta":{}}],"startTime":1773762606276,"endTime":1773762617372.093,"status":"passed","message":"","name":"C:/vscode/OwlPlayer/frontend/src/utils/audioSession/ios.prop.test.ts"}]}